
  .   ____          _            __ _ _
 /\\ / ___'_ __ _ _(_)_ __  __ _ \ \ \ \
( ( )\___ | '_ | '_| | '_ \/ _` | \ \ \ \
 \\/  ___)| |_)| | | | | || (_| |  ) ) ) )
  '  |____| .__|_| |_|_| |_\__, | / / / /
 =========|_|==============|___/=/_/_/_/

 :: Spring Boot ::                (v3.5.7)

2025-12-30T14:17:49.532+09:00  INFO [auction-service,,] 50825 --- [auction-service] [           main] c.c.a.auction.AuctionApplicationKt       : Starting AuctionApplicationKt v0.0.1-SNAPSHOT using Java 25.0.1 with PID 50825 (/Users/chpark/Documents/ch/auction/auction-service/build/libs/auction-service-0.0.1-SNAPSHOT.jar started by chpark in /Users/chpark/Documents/ch/auction)
2025-12-30T14:17:49.534+09:00  INFO [auction-service,,] 50825 --- [auction-service] [           main] c.c.a.auction.AuctionApplicationKt       : The following 1 profile is active: "dev"
2025-12-30T14:17:53.851+09:00  WARN [auction-service,,] 50825 --- [auction-service] [           main] ConfigServletWebServerApplicationContext : Exception encountered during context initialization - cancelling refresh attempt: java.lang.IllegalArgumentException: http://${feign.client.config.service-product.url} is malformed
2025-12-30T14:17:53.866+09:00  INFO [auction-service,,] 50825 --- [auction-service] [           main] .s.b.a.l.ConditionEvaluationReportLogger : 

Error starting ApplicationContext. To display the condition evaluation report re-run your application with 'debug' enabled.
2025-12-30T14:17:53.912+09:00 ERROR [auction-service,,] 50825 --- [auction-service] [           main] o.s.boot.SpringApplication               : Application run failed

java.lang.IllegalArgumentException: http://${feign.client.config.service-product.url} is malformed
	at org.springframework.cloud.openfeign.FeignClientsRegistrar.getUrl(FeignClientsRegistrar.java:127) ~[spring-cloud-openfeign-core-4.3.0.jar!/:4.3.0]
	at org.springframework.cloud.openfeign.FeignClientsRegistrar.getUrl(FeignClientsRegistrar.java:370) ~[spring-cloud-openfeign-core-4.3.0.jar!/:4.3.0]
	at org.springframework.cloud.openfeign.FeignClientsRegistrar.eagerlyRegisterFeignClientBeanDefinition(FeignClientsRegistrar.java:226) ~[spring-cloud-openfeign-core-4.3.0.jar!/:4.3.0]
	at org.springframework.cloud.openfeign.FeignClientsRegistrar.registerFeignClient(FeignClientsRegistrar.java:215) ~[spring-cloud-openfeign-core-4.3.0.jar!/:4.3.0]
	at org.springframework.cloud.openfeign.FeignClientsRegistrar.registerFeignClients(FeignClientsRegistrar.java:204) ~[spring-cloud-openfeign-core-4.3.0.jar!/:4.3.0]
	at org.springframework.cloud.openfeign.FeignClientsRegistrar.registerBeanDefinitions(FeignClientsRegistrar.java:154) ~[spring-cloud-openfeign-core-4.3.0.jar!/:4.3.0]
	at org.springframework.context.annotation.ImportBeanDefinitionRegistrar.registerBeanDefinitions(ImportBeanDefinitionRegistrar.java:86) ~[spring-context-6.2.12.jar!/:6.2.12]
	at org.springframework.context.annotation.ConfigurationClassBeanDefinitionReader.lambda$loadBeanDefinitionsFromRegistrars$1(ConfigurationClassBeanDefinitionReader.java:409) ~[spring-context-6.2.12.jar!/:6.2.12]
	at java.base/java.util.LinkedHashMap.forEach(LinkedHashMap.java:987) ~[na:na]
	at org.springframework.context.annotation.ConfigurationClassBeanDefinitionReader.loadBeanDefinitionsFromRegistrars(ConfigurationClassBeanDefinitionReader.java:408) ~[spring-context-6.2.12.jar!/:6.2.12]
	at org.springframework.context.annotation.ConfigurationClassBeanDefinitionReader.loadBeanDefinitionsForConfigurationClass(ConfigurationClassBeanDefinitionReader.java:148) ~[spring-context-6.2.12.jar!/:6.2.12]
	at org.springframework.context.annotation.ConfigurationClassBeanDefinitionReader.loadBeanDefinitions(ConfigurationClassBeanDefinitionReader.java:120) ~[spring-context-6.2.12.jar!/:6.2.12]
	at org.springframework.context.annotation.ConfigurationClassPostProcessor.processConfigBeanDefinitions(ConfigurationClassPostProcessor.java:430) ~[spring-context-6.2.12.jar!/:6.2.12]
	at org.springframework.context.annotation.ConfigurationClassPostProcessor.postProcessBeanDefinitionRegistry(ConfigurationClassPostProcessor.java:290) ~[spring-context-6.2.12.jar!/:6.2.12]
	at org.springframework.context.support.PostProcessorRegistrationDelegate.invokeBeanDefinitionRegistryPostProcessors(PostProcessorRegistrationDelegate.java:349) ~[spring-context-6.2.12.jar!/:6.2.12]
	at org.springframework.context.support.PostProcessorRegistrationDelegate.invokeBeanFactoryPostProcessors(PostProcessorRegistrationDelegate.java:118) ~[spring-context-6.2.12.jar!/:6.2.12]
	at org.springframework.context.support.AbstractApplicationContext.invokeBeanFactoryPostProcessors(AbstractApplicationContext.java:791) ~[spring-context-6.2.12.jar!/:6.2.12]
	at org.springframework.context.support.AbstractApplicationContext.refresh(AbstractApplicationContext.java:609) ~[spring-context-6.2.12.jar!/:6.2.12]
	at org.springframework.boot.web.servlet.context.ServletWebServerApplicationContext.refresh(ServletWebServerApplicationContext.java:146) ~[spring-boot-3.5.7.jar!/:3.5.7]
	at org.springframework.boot.SpringApplication.refresh(SpringApplication.java:752) ~[spring-boot-3.5.7.jar!/:3.5.7]
	at org.springframework.boot.SpringApplication.refreshContext(SpringApplication.java:439) ~[spring-boot-3.5.7.jar!/:3.5.7]
	at org.springframework.boot.SpringApplication.run(SpringApplication.java:318) ~[spring-boot-3.5.7.jar!/:3.5.7]
	at org.springframework.boot.SpringApplication.run(SpringApplication.java:1361) ~[spring-boot-3.5.7.jar!/:3.5.7]
	at org.springframework.boot.SpringApplication.run(SpringApplication.java:1350) ~[spring-boot-3.5.7.jar!/:3.5.7]
	at com.ch.auction.auction.AuctionApplicationKt.main(AuctionApplication.kt:25) ~[!/:0.0.1-SNAPSHOT]
	at java.base/jdk.internal.reflect.DirectMethodHandleAccessor.invoke(DirectMethodHandleAccessor.java:104) ~[na:na]
	at java.base/java.lang.reflect.Method.invoke(Method.java:565) ~[na:na]
	at org.springframework.boot.loader.launch.Launcher.launch(Launcher.java:106) ~[auction-service-0.0.1-SNAPSHOT.jar:0.0.1-SNAPSHOT]
	at org.springframework.boot.loader.launch.Launcher.launch(Launcher.java:64) ~[auction-service-0.0.1-SNAPSHOT.jar:0.0.1-SNAPSHOT]
	at org.springframework.boot.loader.launch.JarLauncher.main(JarLauncher.java:40) ~[auction-service-0.0.1-SNAPSHOT.jar:0.0.1-SNAPSHOT]
Caused by: java.net.URISyntaxException: Illegal character in authority at index 8: http://${feign.client.config.service-product.url}
	at java.base/java.net.URI$Parser.fail(URI.java:3003) ~[na:na]
	at java.base/java.net.URI$Parser.parseAuthority(URI.java:3352) ~[na:na]
	at java.base/java.net.URI$Parser.parseHierarchical(URI.java:3248) ~[na:na]
	at java.base/java.net.URI$Parser.parse(URI.java:3204) ~[na:na]
	at java.base/java.net.URI.<init>(URI.java:649) ~[na:na]
	at org.springframework.cloud.openfeign.FeignClientsRegistrar.getUrl(FeignClientsRegistrar.java:124) ~[spring-cloud-openfeign-core-4.3.0.jar!/:4.3.0]
	... 29 common frames omitted

