
  .   ____          _            __ _ _
 /\\ / ___'_ __ _ _(_)_ __  __ _ \ \ \ \
( ( )\___ | '_ | '_| | '_ \/ _` | \ \ \ \
 \\/  ___)| |_)| | | | | || (_| |  ) ) ) )
  '  |____| .__|_| |_|_| |_\__, | / / / /
 =========|_|==============|___/=/_/_/_/

 :: Spring Boot ::                (v3.5.7)

2025-12-30T14:17:49.482+09:00  INFO 50829 --- [chat-service] [           main] com.ch.auction.chat.ChatApplicationKt    : Starting ChatApplicationKt v0.0.1-SNAPSHOT using Java 25.0.1 with PID 50829 (/Users/chpark/Documents/ch/auction/chat-service/build/libs/chat-service-0.0.1-SNAPSHOT.jar started by chpark in /Users/chpark/Documents/ch/auction)
2025-12-30T14:17:49.485+09:00  INFO 50829 --- [chat-service] [           main] com.ch.auction.chat.ChatApplicationKt    : The following 1 profile is active: "dev"
2025-12-30T14:17:54.730+09:00  INFO 50829 --- [chat-service] [           main] .s.d.r.c.RepositoryConfigurationDelegate : Multiple Spring Data modules found, entering strict repository configuration mode
2025-12-30T14:17:54.733+09:00  INFO 50829 --- [chat-service] [           main] .s.d.r.c.RepositoryConfigurationDelegate : Bootstrapping Spring Data MongoDB repositories in DEFAULT mode.
2025-12-30T14:17:54.908+09:00  INFO 50829 --- [chat-service] [           main] .s.d.r.c.RepositoryConfigurationDelegate : Finished Spring Data repository scanning in 164 ms. Found 2 MongoDB repository interfaces.
2025-12-30T14:17:54.940+09:00  INFO 50829 --- [chat-service] [           main] .s.d.r.c.RepositoryConfigurationDelegate : Multiple Spring Data modules found, entering strict repository configuration mode
2025-12-30T14:17:54.941+09:00  INFO 50829 --- [chat-service] [           main] .s.d.r.c.RepositoryConfigurationDelegate : Bootstrapping Spring Data Redis repositories in DEFAULT mode.
2025-12-30T14:17:54.976+09:00  INFO 50829 --- [chat-service] [           main] .RepositoryConfigurationExtensionSupport : Spring Data Redis - Could not safely identify store assignment for repository candidate interface com.ch.auction.chat.infrastructure.persistence.ChatMessageRepository; If you want this repository to be a Redis repository, consider annotating your entities with one of these annotations: org.springframework.data.redis.core.RedisHash (preferred), or consider extending one of the following types with your repository: org.springframework.data.keyvalue.repository.KeyValueRepository
2025-12-30T14:17:54.976+09:00  INFO 50829 --- [chat-service] [           main] .RepositoryConfigurationExtensionSupport : Spring Data Redis - Could not safely identify store assignment for repository candidate interface com.ch.auction.chat.infrastructure.persistence.ChatRoomRepository; If you want this repository to be a Redis repository, consider annotating your entities with one of these annotations: org.springframework.data.redis.core.RedisHash (preferred), or consider extending one of the following types with your repository: org.springframework.data.keyvalue.repository.KeyValueRepository
2025-12-30T14:17:54.977+09:00  INFO 50829 --- [chat-service] [           main] .s.d.r.c.RepositoryConfigurationDelegate : Finished Spring Data repository scanning in 11 ms. Found 0 Redis repository interfaces.
2025-12-30T14:17:55.772+09:00  INFO 50829 --- [chat-service] [           main] o.s.cloud.context.scope.GenericScope     : BeanFactory id=7732376c-67a6-3099-905f-8fdbbb9ce023
2025-12-30T14:17:56.288+09:00  INFO 50829 --- [chat-service] [           main] o.s.b.w.embedded.tomcat.TomcatWebServer  : Tomcat initialized with port 8087 (http)
2025-12-30T14:17:56.303+09:00  INFO 50829 --- [chat-service] [           main] o.apache.catalina.core.StandardService   : Starting service [Tomcat]
2025-12-30T14:17:56.303+09:00  INFO 50829 --- [chat-service] [           main] o.apache.catalina.core.StandardEngine    : Starting Servlet engine: [Apache Tomcat/10.1.48]
2025-12-30T14:17:56.336+09:00  INFO 50829 --- [chat-service] [           main] o.a.c.c.C.[Tomcat].[localhost].[/]       : Initializing Spring embedded WebApplicationContext
2025-12-30T14:17:56.337+09:00  INFO 50829 --- [chat-service] [           main] w.s.c.ServletWebServerApplicationContext : Root WebApplicationContext: initialization completed in 6441 ms
2025-12-30T14:17:56.471+09:00  WARN 50829 --- [chat-service] [           main] ConfigServletWebServerApplicationContext : Exception encountered during context initialization - cancelling refresh attempt: org.springframework.beans.factory.UnsatisfiedDependencyException: Error creating bean with name 'notificationEventConsumer' defined in URL [jar:nested:/Users/chpark/Documents/ch/auction/chat-service/build/libs/chat-service-0.0.1-SNAPSHOT.jar/!BOOT-INF/classes/!/com/ch/auction/chat/application/consumer/NotificationEventConsumer.class]: Unsatisfied dependency expressed through constructor parameter 0: Error creating bean with name 'org.springframework.web.socket.config.annotation.DelegatingWebSocketMessageBrokerConfiguration': Unsatisfied dependency expressed through method 'setConfigurers' parameter 0: Error creating bean with name 'webSocketConfig' defined in URL [jar:nested:/Users/chpark/Documents/ch/auction/chat-service/build/libs/chat-service-0.0.1-SNAPSHOT.jar/!BOOT-INF/classes/!/com/ch/auction/chat/interfaces/config/WebSocketConfig.class]: Unsatisfied dependency expressed through constructor parameter 0: Error creating bean with name 'stompHandler' defined in URL [jar:nested:/Users/chpark/Documents/ch/auction/chat-service/build/libs/chat-service-0.0.1-SNAPSHOT.jar/!BOOT-INF/classes/!/com/ch/auction/chat/interfaces/websocket/StompHandler.class]: Unsatisfied dependency expressed through constructor parameter 0: No qualifying bean of type 'com.ch.auction.domain.auth.port.AuthTokenParser' available: expected at least 1 bean which qualifies as autowire candidate. Dependency annotations: {}
2025-12-30T14:17:56.478+09:00  INFO 50829 --- [chat-service] [           main] o.apache.catalina.core.StandardService   : Stopping service [Tomcat]
2025-12-30T14:17:56.501+09:00  INFO 50829 --- [chat-service] [           main] .s.b.a.l.ConditionEvaluationReportLogger : 

Error starting ApplicationContext. To display the condition evaluation report re-run your application with 'debug' enabled.
2025-12-30T14:17:56.559+09:00 ERROR 50829 --- [chat-service] [           main] o.s.b.d.LoggingFailureAnalysisReporter   : 

***************************
APPLICATION FAILED TO START
***************************

Description:

Parameter 0 of constructor in com.ch.auction.chat.interfaces.websocket.StompHandler required a bean of type 'com.ch.auction.domain.auth.port.AuthTokenParser' that could not be found.


Action:

Consider defining a bean of type 'com.ch.auction.domain.auth.port.AuthTokenParser' in your configuration.

